{
  "RSpec": {
    "coverage": {
      "C:/railsProject/MarketPlace-K/config/environment.rb": {
        "lines": [
          null,
          1,
          null,
          null,
          1
        ]
      },
      "C:/railsProject/MarketPlace-K/config/application.rb": {
        "lines": [
          1,
          null,
          1,
          null,
          1,
          1,
          1,
          1,
          1,
          1,
          1,
          1,
          1,
          1,
          1,
          null,
          null,
          null,
          null,
          1,
          null,
          1,
          1,
          null,
          1,
          null,
          null,
          null,
          null,
          null,
          null,
          null,
          1,
          null,
          null
        ]
      },
      "C:/railsProject/MarketPlace-K/config/boot.rb": {
        "lines": [
          1,
          null,
          1,
          1
        ]
      },
      "C:/railsProject/MarketPlace-K/config/environments/test.rb": {
        "lines": [
          null,
          null,
          null,
          null,
          null,
          1,
          null,
          null,
          1,
          null,
          null,
          null,
          null,
          1,
          null,
          null,
          1,
          1,
          null,
          null,
          null,
          null,
          1,
          1,
          1,
          null,
          null,
          1,
          null,
          null,
          1,
          null,
          null,
          1,
          null,
          1,
          null,
          null,
          null,
          null,
          1,
          null,
          null,
          1,
          null,
          null,
          null,
          null,
          1,
          1,
          null
        ]
      },
      "C:/railsProject/MarketPlace-K/config/initializers/active_admin.rb": {
        "lines": [
          1,
          null,
          null,
          null,
          null,
          null,
          1,
          null,
          null,
          null,
          null,
          null,
          null,
          null,
          null,
          null,
          null,
          null,
          null,
          null,
          null,
          null,
          null,
          null,
          null,
          null,
          null,
          null,
          null,
          null,
          null,
          null,
          null,
          null,
          null,
          null,
          null,
          null,
          null,
          null,
          null,
          null,
          null,
          null,
          null,
          null,
          null,
          null,
          null,
          null,
          null,
          null,
          null,
          null,
          null,
          null,
          1,
          null,
          null,
          null,
          null,
          null,
          null,
          null,
          null,
          null,
          null,
          null,
          null,
          null,
          null,
          null,
          null,
          null,
          null,
          null,
          null,
          null,
          null,
          null,
          null,
          null,
          null,
          null,
          null,
          null,
          null,
          null,
          null,
          null,
          null,
          null,
          null,
          1,
          null,
          null,
          null,
          null,
          null,
          null,
          null,
          null,
          null,
          null,
          null,
          1,
          null,
          null,
          null,
          null,
          null,
          null,
          null,
          null,
          null,
          null,
          null,
          null,
          null,
          null,
          null,
          null,
          null,
          null,
          null,
          null,
          null,
          null,
          null,
          null,
          null,
          null,
          null,
          null,
          null,
          null,
          null,
          null,
          null,
          null,
          null,
          null,
          null,
          null,
          null,
          1,
          null,
          null,
          null,
          null,
          null,
          null,
          null,
          null,
          null,
          null,
          null,
          null,
          null,
          1,
          null,
          null,
          null,
          null,
          null,
          null,
          null,
          null,
          null,
          null,
          1,
          null,
          null,
          null,
          null,
          null,
          null,
          null,
          null,
          null,
          null,
          null,
          null,
          null,
          null,
          null,
          null,
          null,
          null,
          null,
          null,
          null,
          null,
          null,
          null,
          null,
          null,
          null,
          null,
          null,
          null,
          null,
          null,
          null,
          null,
          null,
          null,
          null,
          null,
          null,
          null,
          null,
          null,
          null,
          null,
          null,
          null,
          null,
          null,
          null,
          null,
          null,
          null,
          null,
          null,
          null,
          null,
          null,
          null,
          null,
          null,
          null,
          null,
          null,
          null,
          null,
          null,
          null,
          null,
          null,
          null,
          null,
          null,
          null,
          null,
          null,
          null,
          null,
          null,
          null,
          null,
          null,
          null,
          null,
          null,
          null,
          null,
          null,
          null,
          null,
          null,
          null,
          null,
          null,
          null,
          null,
          null,
          null,
          null,
          null,
          null,
          null,
          null,
          null,
          null,
          null,
          null,
          null,
          null,
          null,
          null,
          null,
          null,
          null,
          null,
          null,
          null,
          null,
          null,
          null,
          null,
          null,
          null,
          null,
          null,
          null,
          null,
          null,
          null,
          null,
          null,
          null,
          null,
          null,
          null,
          null,
          null,
          null,
          null,
          null,
          null,
          null,
          null,
          null,
          null,
          null,
          null,
          null,
          null,
          null,
          null,
          null,
          null,
          null,
          null,
          null,
          null,
          null,
          null,
          null,
          null,
          null,
          null,
          null,
          null
        ]
      },
      "C:/railsProject/MarketPlace-K/config/initializers/application_controller_renderer.rb": {
        "lines": [
          null,
          null,
          null,
          null,
          null,
          null,
          null,
          null
        ]
      },
      "C:/railsProject/MarketPlace-K/config/initializers/assets.rb": {
        "lines": [
          null,
          null,
          null,
          1,
          null,
          null,
          null,
          null,
          1,
          null,
          null,
          null,
          null,
          null
        ]
      },
      "C:/railsProject/MarketPlace-K/config/initializers/backtrace_silencers.rb": {
        "lines": [
          null,
          null,
          null,
          null,
          null,
          null,
          null
        ]
      },
      "C:/railsProject/MarketPlace-K/config/initializers/content_security_policy.rb": {
        "lines": [
          null,
          null,
          null,
          null,
          null,
          null,
          null,
          null,
          null,
          null,
          null,
          null,
          null,
          null,
          null,
          null,
          null,
          null,
          null,
          null,
          null,
          null,
          null,
          null,
          null,
          null,
          null,
          null,
          null,
          null
        ]
      },
      "C:/railsProject/MarketPlace-K/config/initializers/cookies_serializer.rb": {
        "lines": [
          null,
          null,
          null,
          null,
          1
        ]
      },
      "C:/railsProject/MarketPlace-K/config/initializers/devise.rb": {
        "lines": [
          null,
          null,
          null,
          null,
          1,
          null,
          null,
          null,
          null,
          null,
          null,
          null,
          null,
          null,
          null,
          null,
          null,
          null,
          null,
          null,
          1,
          null,
          null,
          null,
          null,
          null,
          null,
          null,
          null,
          null,
          null,
          null,
          1,
          null,
          null,
          null,
          null,
          null,
          null,
          null,
          null,
          null,
          null,
          null,
          null,
          null,
          null,
          null,
          null,
          null,
          null,
          null,
          null,
          null,
          1,
          null,
          null,
          null,
          null,
          1,
          null,
          null,
          null,
          null,
          null,
          null,
          null,
          null,
          null,
          null,
          null,
          null,
          null,
          null,
          null,
          null,
          null,
          null,
          null,
          null,
          null,
          null,
          null,
          null,
          null,
          null,
          null,
          null,
          null,
          null,
          1,
          null,
          null,
          null,
          null,
          null,
          null,
          null,
          null,
          null,
          null,
          null,
          null,
          null,
          null,
          null,
          null,
          null,
          null,
          null,
          null,
          null,
          null,
          1,
          null,
          null,
          null,
          null,
          null,
          null,
          null,
          null,
          null,
          null,
          null,
          null,
          null,
          null,
          null,
          null,
          null,
          null,
          null,
          null,
          null,
          null,
          null,
          null,
          null,
          null,
          null,
          null,
          null,
          null,
          null,
          null,
          null,
          1,
          null,
          null,
          null,
          null,
          null,
          null,
          null,
          null,
          null,
          1,
          null,
          null,
          null,
          null,
          null,
          null,
          null,
          null,
          null,
          null,
          1,
          null,
          null,
          null,
          null,
          1,
          null,
          null,
          null,
          null,
          null,
          null,
          null,
          null,
          null,
          null,
          null,
          null,
          null,
          null,
          null,
          null,
          null,
          null,
          null,
          null,
          null,
          null,
          null,
          null,
          null,
          null,
          null,
          null,
          null,
          null,
          null,
          null,
          null,
          null,
          null,
          null,
          null,
          null,
          null,
          null,
          1,
          null,
          null,
          null,
          null,
          null,
          null,
          null,
          null,
          null,
          null,
          null,
          null,
          null,
          null,
          null,
          null,
          null,
          null,
          null,
          null,
          null,
          null,
          null,
          null,
          null,
          null,
          null,
          null,
          null,
          null,
          null,
          null,
          null,
          null,
          null,
          null,
          null,
          null,
          null,
          null,
          null,
          1,
          null,
          null,
          null,
          null,
          null,
          1,
          null,
          null,
          null,
          1,
          null,
          null,
          null,
          null,
          null,
          null,
          null,
          null,
          null,
          null,
          null,
          null,
          null,
          null,
          null,
          null,
          null,
          null,
          null,
          null,
          null,
          null,
          null,
          null,
          null,
          null,
          null,
          null,
          null,
          null,
          null,
          null,
          null,
          null,
          null,
          null,
          null
        ]
      },
      "C:/railsProject/MarketPlace-K/config/initializers/filter_parameter_logging.rb": {
        "lines": [
          null,
          null,
          null,
          1
        ]
      },
      "C:/railsProject/MarketPlace-K/config/initializers/inflections.rb": {
        "lines": [
          null,
          null,
          null,
          null,
          null,
          null,
          null,
          null,
          null,
          null,
          null,
          null,
          null,
          null,
          null,
          null
        ]
      },
      "C:/railsProject/MarketPlace-K/config/initializers/mime_types.rb": {
        "lines": [
          null,
          null,
          null,
          null
        ]
      },
      "C:/railsProject/MarketPlace-K/config/initializers/wrap_parameters.rb": {
        "lines": [
          null,
          null,
          null,
          null,
          null,
          null,
          1,
          2,
          null,
          null,
          null,
          null,
          null,
          null
        ]
      },
      "C:/railsProject/MarketPlace-K/config/routes.rb": {
        "lines": [
          1,
          1,
          1,
          1,
          null,
          1,
          null,
          1,
          1,
          1,
          null,
          1,
          1,
          1,
          1,
          null,
          null,
          null,
          1,
          null
        ]
      },
      "C:/railsProject/MarketPlace-K/app/controllers/application_controller.rb": {
        "lines": [
          1,
          1,
          null,
          1,
          0,
          0,
          null,
          null,
          0,
          0,
          null,
          null,
          null,
          1,
          0,
          0,
          0,
          null,
          null,
          null
        ]
      },
      "C:/railsProject/MarketPlace-K/app/helpers/application_helper.rb": {
        "lines": [
          1,
          null
        ]
      },
      "C:/railsProject/MarketPlace-K/app/helpers/categories_helper.rb": {
        "lines": [
          1,
          null
        ]
      },
      "C:/railsProject/MarketPlace-K/app/helpers/pages_helper.rb": {
        "lines": [
          1,
          null
        ]
      },
      "C:/railsProject/MarketPlace-K/app/helpers/products_helper.rb": {
        "lines": [
          1,
          null
        ]
      },
      "C:/railsProject/MarketPlace-K/app/helpers/users_helper.rb": {
        "lines": [
          1,
          null
        ]
      },
      "C:/railsProject/MarketPlace-K/app/models/admin_user.rb": {
        "lines": [
          1,
          null,
          null,
          1,
          null,
          null
        ]
      },
      "C:/railsProject/MarketPlace-K/app/models/application_record.rb": {
        "lines": [
          1,
          1,
          null
        ]
      },
      "C:/railsProject/MarketPlace-K/app/admin/admin_users.rb": {
        "lines": [
          1,
          1,
          null,
          1,
          0,
          0,
          0,
          0,
          0,
          0,
          0,
          null,
          null,
          1,
          1,
          1,
          1,
          null,
          1,
          0,
          0,
          0,
          0,
          null,
          0,
          null,
          null,
          null
        ]
      },
      "C:/railsProject/MarketPlace-K/app/admin/categories.rb": {
        "lines": [
          1,
          1,
          null
        ]
      },
      "C:/railsProject/MarketPlace-K/app/models/category.rb": {
        "lines": [
          1,
          1,
          1,
          null
        ]
      },
      "C:/railsProject/MarketPlace-K/app/admin/dashboard.rb": {
        "lines": [
          1,
          1,
          null,
          1,
          null,
          0,
          0,
          0,
          0,
          0,
          0,
          null,
          null,
          null,
          null,
          null,
          0,
          0,
          0,
          0,
          0,
          null,
          null,
          null,
          null,
          null,
          null,
          null
        ]
      },
      "C:/railsProject/MarketPlace-K/app/admin/products.rb": {
        "lines": [
          1,
          1,
          null,
          1,
          1,
          1,
          1,
          null,
          1,
          0,
          null,
          null,
          1,
          0,
          null,
          null,
          1,
          0,
          0,
          0,
          null,
          null,
          1,
          0,
          0,
          0,
          null,
          null,
          null
        ]
      },
      "C:/railsProject/MarketPlace-K/app/models/product.rb": {
        "lines": [
          1,
          1,
          1,
          1,
          1,
          null,
          1,
          1,
          null,
          1,
          1,
          null,
          1,
          1,
          1,
          null,
          1,
          0,
          null,
          0,
          0,
          0,
          null,
          null,
          null,
          1,
          0,
          null,
          null,
          1,
          0,
          0,
          0,
          0,
          0,
          0,
          0,
          null,
          null,
          null,
          1,
          0,
          0,
          0,
          0,
          null,
          null,
          null,
          null,
          null
        ]
      },
      "C:/railsProject/MarketPlace-K/app/admin/statuses.rb": {
        "lines": [
          1,
          1,
          null
        ]
      },
      "C:/railsProject/MarketPlace-K/app/models/status.rb": {
        "lines": [
          1,
          null
        ]
      },
      "C:/railsProject/MarketPlace-K/app/admin/users.rb": {
        "lines": [
          1,
          1,
          null
        ]
      },
      "C:/railsProject/MarketPlace-K/app/models/user.rb": {
        "lines": [
          1,
          1,
          1,
          null,
          null,
          1,
          0,
          0,
          0,
          null,
          null,
          null,
          null,
          1,
          0,
          0,
          0,
          null,
          null,
          null,
          null,
          null,
          null,
          null,
          0,
          null,
          0,
          null,
          null
        ]
      },
      "C:/railsProject/MarketPlace-K/app/controllers/users_controller.rb": {
        "lines": [
          1,
          1,
          2,
          null,
          null,
          1,
          2,
          null,
          null
        ]
      }
    },
    "timestamp": 1590695266
  }
}
